<?xml version="1.0" encoding="UTF-8"?>
<coverage generated="1782510307100" clover="3.2.0">
  <project timestamp="1782510307101" name="All files">
    <metrics statements="32" coveredstatements="25" conditionals="15" coveredconditionals="13" methods="18" coveredmethods="13" elements="65" coveredelements="51" complexity="0" loc="32" ncloc="32" packages="2" files="5" classes="5"/>
    <package name="components.common">
      <metrics statements="7" coveredstatements="7" conditionals="13" coveredconditionals="12" methods="4" coveredmethods="4"/>
      <file name="KpiCard.jsx" path="C:\Users\Admin\egrcp-platform\src\components\common\KpiCard.jsx">
        <metrics statements="2" coveredstatements="2" conditionals="9" coveredconditionals="8" methods="1" coveredmethods="1"/>
        <line num="7" count="6" type="stmt"/>
        <line num="8" count="6" type="stmt"/>
      </file>
      <file name="SearchBar.jsx" path="C:\Users\Admin\egrcp-platform\src\components\common\SearchBar.jsx">
        <metrics statements="2" coveredstatements="2" conditionals="2" coveredconditionals="2" methods="2" coveredmethods="2"/>
        <line num="6" count="5" type="stmt"/>
        <line num="10" count="2" type="stmt"/>
      </file>
      <file name="StatusChip.jsx" path="C:\Users\Admin\egrcp-platform\src\components\common\StatusChip.jsx">
        <metrics statements="3" coveredstatements="3" conditionals="2" coveredconditionals="2" methods="1" coveredmethods="1"/>
        <line num="4" count="1" type="stmt"/>
        <line num="22" count="8" type="cond" truecount="2" falsecount="0"/>
        <line num="23" count="8" type="stmt"/>
      </file>
    </package>
    <package name="store.slices">
      <metrics statements="25" coveredstatements="18" conditionals="2" coveredconditionals="1" methods="14" coveredmethods="9"/>
      <file name="authSlice.js" path="C:\Users\Admin\egrcp-platform\src\store\slices\authSlice.js">
        <metrics statements="9" coveredstatements="9" conditionals="0" coveredconditionals="0" methods="2" coveredmethods="2"/>
        <line num="3" count="1" type="stmt"/>
        <line num="9" count="1" type="stmt"/>
        <line num="14" count="1" type="stmt"/>
        <line num="15" count="1" type="stmt"/>
        <line num="16" count="1" type="stmt"/>
        <line num="19" count="2" type="stmt"/>
        <line num="20" count="2" type="stmt"/>
        <line num="21" count="2" type="stmt"/>
        <line num="26" count="1" type="stmt"/>
      </file>
      <file name="procurementSlice.js" path="C:\Users\Admin\egrcp-platform\src\store\slices\procurementSlice.js">
        <metrics statements="16" coveredstatements="9" conditionals="2" coveredconditionals="1" methods="12" coveredmethods="7"/>
        <line num="4" count="1" type="stmt"/>
        <line num="7" count="0" type="stmt"/>
        <line num="8" count="0" type="stmt"/>
        <line num="9" count="0" type="stmt"/>
        <line num="11" count="0" type="stmt"/>
        <line num="16" count="1" type="stmt"/>
        <line num="25" count="1" type="stmt"/>
        <line num="26" count="2" type="stmt"/>
        <line num="28" count="1" type="stmt"/>
        <line num="29" count="1" type="cond" truecount="1" falsecount="1"/>
        <line num="32" count="1" type="stmt"/>
        <line num="36" count="1" type="stmt"/>
        <line num="37" count="0" type="stmt"/>
        <line num="38" count="0" type="stmt"/>
        <line num="39" count="0" type="stmt"/>
        <line num="43" count="1" type="stmt"/>
      </file>
    </package>
  </project>
</coverage>
