{"C:\\Users\\Admin\\egrcp-platform\\src\\components\\common\\KpiCard.jsx": {"path":"C:\\Users\\Admin\\egrcp-platform\\src\\components\\common\\KpiCard.jsx","statementMap":{"0":{"start":{"line":7,"column":21},"end":{"line":7,"column":35}},"1":{"start":{"line":8,"column":2},"end":{"line":41,"column":4}}},"fnMap":{"0":{"name":"KpiCard","decl":{"start":{"line":6,"column":24},"end":{"line":6,"column":31}},"loc":{"start":{"line":6,"column":104},"end":{"line":42,"column":1}},"line":6}},"branchMap":{"0":{"loc":{"start":{"line":6,"column":64},"end":{"line":6,"column":81}},"type":"default-arg","locations":[{"start":{"line":6,"column":72},"end":{"line":6,"column":81}}],"line":6},"1":{"loc":{"start":{"line":19,"column":13},"end":{"line":23,"column":13}},"type":"binary-expr","locations":[{"start":{"line":19,"column":13},"end":{"line":19,"column":21}},{"start":{"line":20,"column":14},"end":{"line":22,"column":27}}],"line":19},"2":{"loc":{"start":{"line":24,"column":13},"end":{"line":33,"column":13}},"type":"binary-expr","locations":[{"start":{"line":24,"column":13},"end":{"line":24,"column":23}},{"start":{"line":25,"column":14},"end":{"line":32,"column":20}}],"line":24},"3":{"loc":{"start":{"line":26,"column":17},"end":{"line":28,"column":83}},"type":"cond-expr","locations":[{"start":{"line":27,"column":20},"end":{"line":27,"column":83}},{"start":{"line":28,"column":20},"end":{"line":28,"column":83}}],"line":26},"4":{"loc":{"start":{"line":29,"column":53},"end":{"line":29,"column":95}},"type":"cond-expr","locations":[{"start":{"line":29,"column":66},"end":{"line":29,"column":80}},{"start":{"line":29,"column":83},"end":{"line":29,"column":95}}],"line":29}},"s":{"0":6,"1":6},"f":{"0":6},"b":{"0":[0],"1":[6,5],"2":[6,2],"3":[1,1],"4":[1,1]},"_coverageSchema":"1a1c01bbd47fc00a2c39e90264f33305004495a9","hash":"7ddd264ef60d06a516e60eea67548f248117073f"}
,"C:\\Users\\Admin\\egrcp-platform\\src\\components\\common\\SearchBar.jsx": {"path":"C:\\Users\\Admin\\egrcp-platform\\src\\components\\common\\SearchBar.jsx","statementMap":{"0":{"start":{"line":6,"column":2},"end":{"line":21,"column":4}},"1":{"start":{"line":10,"column":23},"end":{"line":10,"column":47}}},"fnMap":{"0":{"name":"SearchBar","decl":{"start":{"line":5,"column":24},"end":{"line":5,"column":33}},"loc":{"start":{"line":5,"column":91},"end":{"line":22,"column":1}},"line":5},"1":{"name":"(anonymous_1)","decl":{"start":{"line":10,"column":16},"end":{"line":10,"column":17}},"loc":{"start":{"line":10,"column":23},"end":{"line":10,"column":47}},"line":10}},"branchMap":{"0":{"loc":{"start":{"line":5,"column":53},"end":{"line":5,"column":78}},"type":"default-arg","locations":[{"start":{"line":5,"column":67},"end":{"line":5,"column":78}}],"line":5},"1":{"loc":{"start":{"line":5,"column":80},"end":{"line":5,"column":87}},"type":"default-arg","locations":[{"start":{"line":5,"column":85},"end":{"line":5,"column":87}}],"line":5}},"s":{"0":5,"1":2},"f":{"0":5,"1":2},"b":{"0":[4],"1":[5]},"_coverageSchema":"1a1c01bbd47fc00a2c39e90264f33305004495a9","hash":"cf105f498f1c2025b7f1868106feefae5e8c7821"}
,"C:\\Users\\Admin\\egrcp-platform\\src\\components\\common\\StatusChip.jsx": {"path":"C:\\Users\\Admin\\egrcp-platform\\src\\components\\common\\StatusChip.jsx","statementMap":{"0":{"start":{"line":4,"column":21},"end":{"line":19,"column":1}},"1":{"start":{"line":22,"column":14},"end":{"line":22,"column":88}},"2":{"start":{"line":23,"column":2},"end":{"line":23,"column":67}}},"fnMap":{"0":{"name":"StatusChip","decl":{"start":{"line":21,"column":24},"end":{"line":21,"column":34}},"loc":{"start":{"line":21,"column":47},"end":{"line":24,"column":1}},"line":21}},"branchMap":{"0":{"loc":{"start":{"line":22,"column":14},"end":{"line":22,"column":88}},"type":"binary-expr","locations":[{"start":{"line":22,"column":14},"end":{"line":22,"column":49}},{"start":{"line":22,"column":53},"end":{"line":22,"column":88}}],"line":22}},"s":{"0":1,"1":8,"2":8},"f":{"0":8},"b":{"0":[8,1]},"_coverageSchema":"1a1c01bbd47fc00a2c39e90264f33305004495a9","hash":"1d6f7b9f845b8c698254e5cf8879d9c7ae043074"}
,"C:\\Users\\Admin\\egrcp-platform\\src\\store\\slices\\authSlice.js": {"path":"C:\\Users\\Admin\\egrcp-platform\\src\\store\\slices\\authSlice.js","statementMap":{"0":{"start":{"line":3,"column":21},"end":{"line":7,"column":1}},"1":{"start":{"line":9,"column":18},"end":{"line":24,"column":2}},"2":{"start":{"line":14,"column":6},"end":{"line":14,"column":24}},"3":{"start":{"line":15,"column":6},"end":{"line":15,"column":25}},"4":{"start":{"line":16,"column":6},"end":{"line":16,"column":36}},"5":{"start":{"line":19,"column":6},"end":{"line":19,"column":34}},"6":{"start":{"line":20,"column":6},"end":{"line":20,"column":47}},"7":{"start":{"line":21,"column":6},"end":{"line":21,"column":35}},"8":{"start":{"line":26,"column":35},"end":{"line":26,"column":52}}},"fnMap":{"0":{"name":"(anonymous_0)","decl":{"start":{"line":13,"column":12},"end":{"line":13,"column":13}},"loc":{"start":{"line":13,"column":23},"end":{"line":17,"column":5}},"line":13},"1":{"name":"(anonymous_1)","decl":{"start":{"line":18,"column":13},"end":{"line":18,"column":14}},"loc":{"start":{"line":18,"column":32},"end":{"line":22,"column":5}},"line":18}},"branchMap":{},"s":{"0":1,"1":1,"2":1,"3":1,"4":1,"5":2,"6":2,"7":2,"8":1},"f":{"0":1,"1":2},"b":{},"_coverageSchema":"1a1c01bbd47fc00a2c39e90264f33305004495a9","hash":"4ff05b11a9d883c0acad5990b2800da898800a3e"}
,"C:\\Users\\Admin\\egrcp-platform\\src\\store\\slices\\procurementSlice.js": {"path":"C:\\Users\\Admin\\egrcp-platform\\src\\store\\slices\\procurementSlice.js","statementMap":{"0":{"start":{"line":4,"column":33},"end":{"line":14,"column":1}},"1":{"start":{"line":7,"column":4},"end":{"line":12,"column":5}},"2":{"start":{"line":8,"column":6},"end":{"line":8,"column":55}},"3":{"start":{"line":8,"column":33},"end":{"line":8,"column":53}},"4":{"start":{"line":9,"column":6},"end":{"line":9,"column":30}},"5":{"start":{"line":11,"column":6},"end":{"line":11,"column":42}},"6":{"start":{"line":16,"column":25},"end":{"line":41,"column":2}},"7":{"start":{"line":25,"column":38},"end":{"line":25,"column":70}},"8":{"start":{"line":26,"column":41},"end":{"line":26,"column":77}},"9":{"start":{"line":28,"column":18},"end":{"line":28,"column":74}},"10":{"start":{"line":28,"column":47},"end":{"line":28,"column":73}},"11":{"start":{"line":29,"column":6},"end":{"line":29,"column":56}},"12":{"start":{"line":29,"column":22},"end":{"line":29,"column":56}},"13":{"start":{"line":32,"column":6},"end":{"line":32,"column":71}},"14":{"start":{"line":32,"column":46},"end":{"line":32,"column":69}},"15":{"start":{"line":36,"column":4},"end":{"line":39,"column":121}},"16":{"start":{"line":37,"column":57},"end":{"line":37,"column":78}},"17":{"start":{"line":37,"column":80},"end":{"line":37,"column":99}},"18":{"start":{"line":38,"column":65},"end":{"line":38,"column":87}},"19":{"start":{"line":38,"column":88},"end":{"line":38,"column":117}},"20":{"start":{"line":39,"column":65},"end":{"line":39,"column":87}},"21":{"start":{"line":39,"column":88},"end":{"line":39,"column":117}},"22":{"start":{"line":43,"column":85},"end":{"line":43,"column":109}}},"fnMap":{"0":{"name":"(anonymous_0)","decl":{"start":{"line":6,"column":2},"end":{"line":6,"column":3}},"loc":{"start":{"line":6,"column":36},"end":{"line":13,"column":3}},"line":6},"1":{"name":"(anonymous_1)","decl":{"start":{"line":8,"column":24},"end":{"line":8,"column":25}},"loc":{"start":{"line":8,"column":33},"end":{"line":8,"column":53}},"line":8},"2":{"name":"(anonymous_2)","decl":{"start":{"line":25,"column":17},"end":{"line":25,"column":18}},"loc":{"start":{"line":25,"column":36},"end":{"line":25,"column":72}},"line":25},"3":{"name":"(anonymous_3)","decl":{"start":{"line":26,"column":20},"end":{"line":26,"column":21}},"loc":{"start":{"line":26,"column":39},"end":{"line":26,"column":79}},"line":26},"4":{"name":"(anonymous_4)","decl":{"start":{"line":27,"column":23},"end":{"line":27,"column":24}},"loc":{"start":{"line":27,"column":42},"end":{"line":30,"column":5}},"line":27},"5":{"name":"(anonymous_5)","decl":{"start":{"line":28,"column":40},"end":{"line":28,"column":41}},"loc":{"start":{"line":28,"column":47},"end":{"line":28,"column":73}},"line":28},"6":{"name":"(anonymous_6)","decl":{"start":{"line":31,"column":23},"end":{"line":31,"column":24}},"loc":{"start":{"line":31,"column":42},"end":{"line":33,"column":5}},"line":31},"7":{"name":"(anonymous_7)","decl":{"start":{"line":32,"column":39},"end":{"line":32,"column":40}},"loc":{"start":{"line":32,"column":46},"end":{"line":32,"column":69}},"line":32},"8":{"name":"(anonymous_8)","decl":{"start":{"line":35,"column":17},"end":{"line":35,"column":18}},"loc":{"start":{"line":35,"column":30},"end":{"line":40,"column":3}},"line":35},"9":{"name":"(anonymous_9)","decl":{"start":{"line":37,"column":44},"end":{"line":37,"column":45}},"loc":{"start":{"line":37,"column":55},"end":{"line":37,"column":101}},"line":37},"10":{"name":"(anonymous_10)","decl":{"start":{"line":38,"column":44},"end":{"line":38,"column":45}},"loc":{"start":{"line":38,"column":63},"end":{"line":38,"column":119}},"line":38},"11":{"name":"(anonymous_11)","decl":{"start":{"line":39,"column":44},"end":{"line":39,"column":45}},"loc":{"start":{"line":39,"column":63},"end":{"line":39,"column":119}},"line":39}},"branchMap":{"0":{"loc":{"start":{"line":29,"column":6},"end":{"line":29,"column":56}},"type":"if","locations":[{"start":{"line":29,"column":6},"end":{"line":29,"column":56}},{"start":{},"end":{}}],"line":29}},"s":{"0":1,"1":0,"2":0,"3":0,"4":0,"5":0,"6":1,"7":1,"8":2,"9":1,"10":1,"11":1,"12":1,"13":1,"14":1,"15":1,"16":0,"17":0,"18":0,"19":0,"20":0,"21":0,"22":1},"f":{"0":0,"1":0,"2":1,"3":2,"4":1,"5":1,"6":1,"7":1,"8":1,"9":0,"10":0,"11":0},"b":{"0":[1,0]},"_coverageSchema":"1a1c01bbd47fc00a2c39e90264f33305004495a9","hash":"3a6d747451f898d5442e1e0c2b029d015e2e5ae6"}
}
