TN:
SF:src\components\common\KpiCard.jsx
FN:6,KpiCard
FNF:1
FNH:1
FNDA:6,KpiCard
DA:7,6
DA:8,6
LF:2
LH:2
BRDA:6,0,0,0
BRDA:19,1,0,6
BRDA:19,1,1,5
BRDA:24,2,0,6
BRDA:24,2,1,2
BRDA:26,3,0,1
BRDA:26,3,1,1
BRDA:29,4,0,1
BRDA:29,4,1,1
BRF:9
BRH:8
end_of_record
TN:
SF:src\components\common\SearchBar.jsx
FN:5,SearchBar
FN:10,(anonymous_1)
FNF:2
FNH:2
FNDA:5,SearchBar
FNDA:2,(anonymous_1)
DA:6,5
DA:10,2
LF:2
LH:2
BRDA:5,0,0,4
BRDA:5,1,0,5
BRF:2
BRH:2
end_of_record
TN:
SF:src\components\common\StatusChip.jsx
FN:21,StatusChip
FNF:1
FNH:1
FNDA:8,StatusChip
DA:4,1
DA:22,8
DA:23,8
LF:3
LH:3
BRDA:22,0,0,8
BRDA:22,0,1,1
BRF:2
BRH:2
end_of_record
TN:
SF:src\store\slices\authSlice.js
FN:13,(anonymous_0)
FN:18,(anonymous_1)
FNF:2
FNH:2
FNDA:1,(anonymous_0)
FNDA:2,(anonymous_1)
DA:3,1
DA:9,1
DA:14,1
DA:15,1
DA:16,1
DA:19,2
DA:20,2
DA:21,2
DA:26,1
LF:9
LH:9
BRF:0
BRH:0
end_of_record
TN:
SF:src\store\slices\procurementSlice.js
FN:6,(anonymous_0)
FN:8,(anonymous_1)
FN:25,(anonymous_2)
FN:26,(anonymous_3)
FN:27,(anonymous_4)
FN:28,(anonymous_5)
FN:31,(anonymous_6)
FN:32,(anonymous_7)
FN:35,(anonymous_8)
FN:37,(anonymous_9)
FN:38,(anonymous_10)
FN:39,(anonymous_11)
FNF:12
FNH:7
FNDA:0,(anonymous_0)
FNDA:0,(anonymous_1)
FNDA:1,(anonymous_2)
FNDA:2,(anonymous_3)
FNDA:1,(anonymous_4)
FNDA:1,(anonymous_5)
FNDA:1,(anonymous_6)
FNDA:1,(anonymous_7)
FNDA:1,(anonymous_8)
FNDA:0,(anonymous_9)
FNDA:0,(anonymous_10)
FNDA:0,(anonymous_11)
DA:4,1
DA:7,0
DA:8,0
DA:9,0
DA:11,0
DA:16,1
DA:25,1
DA:26,2
DA:28,1
DA:29,1
DA:32,1
DA:36,1
DA:37,0
DA:38,0
DA:39,0
DA:43,1
LF:16
LH:9
BRDA:29,0,0,1
BRDA:29,0,1,0
BRF:2
BRH:1
end_of_record
